# JRE version: Java(TM) SE Runtime Environment (17.0.8+9) (build 17.0.8+9-LTS-211)
# Java VM: Java HotSpot(TM) 64-Bit Server VM (17.0.8+9-LTS-211, mixed mode, sharing, tiered, compressed oops, compressed class ptrs, g1 gc, windows-amd64)
GC Precious Log:
 CPUs: 12 total, 12 available
 Memory: 7955M
 Large Page Support: Disabled
 NUMA Support: Disabled
 Compressed Oops: Enabled (32-bit)
 Heap Region Size: 1M
 Heap Min Capacity: 256M
 Heap Initial Capacity: 256M
 Heap Max Capacity: 512M
 Pre-touch: Disabled
 Parallel Workers: 10
 Concurrent Workers: 3
 Concurrent Refinement Workers: 10
 Periodic GC: Disabled
Heap:
 garbage-first heap   total 262144K, used 133423K [0x00000000e0000000, 0x0000000100000000)
  region size 1024K, 103 young (105472K), 1 survivors (1024K)
 Metaspace       used 45069K, committed 45568K, reserved 278528K
  class space    used 6466K, committed 6720K, reserved 212992K
GC Heap History (12 events):
Event: 0.950 GC heap before
{Heap before GC invocations=0 (full 0):
 garbage-first heap   total 262144K, used 25600K [0x00000000e0000000, 0x0000000100000000)
  region size 1024K, 23 young (23552K), 0 survivors (0K)
 Metaspace       used 2993K, committed 3136K, reserved 278528K
  class space    used 379K, committed 448K, reserved 212992K
}
Event: 0.956 GC heap after
{Heap after GC invocations=1 (full 0):
 garbage-first heap   total 262144K, used 9143K [0x00000000e0000000, 0x0000000100000000)
  region size 1024K, 3 young (3072K), 3 survivors (3072K)
 Metaspace       used 2993K, committed 3136K, reserved 278528K
  class space    used 379K, committed 448K, reserved 212992K
}
Event: 1.504 GC heap before
{Heap before GC invocations=1 (full 0):
 garbage-first heap   total 262144K, used 38839K [0x00000000e0000000, 0x0000000100000000)
  region size 1024K, 31 young (31744K), 3 survivors (3072K)
 Metaspace       used 3928K, committed 4096K, reserved 278528K
  class space    used 476K, committed 576K, reserved 212992K
}
Event: 1.508 GC heap after
{Heap after GC invocations=2 (full 0):
 garbage-first heap   total 262144K, used 13423K [0x00000000e0000000, 0x0000000100000000)
  region size 1024K, 4 young (4096K), 4 survivors (4096K)
 Metaspace       used 3928K, committed 4096K, reserved 278528K
  class space    used 476K, committed 576K, reserved 212992K
}
Event: 4.000 GC heap before
{Heap before GC invocations=2 (full 0):
 garbage-first heap   total 262144K, used 112751K [0x00000000e0000000, 0x0000000100000000)
  region size 1024K, 102 young (104448K), 4 survivors (4096K)
 Metaspace       used 21195K, committed 21504K, reserved 278528K
  class space    used 3175K, committed 3328K, reserved 212992K
}
Event: 4.016 GC heap after
{Heap after GC invocations=3 (full 0):
 garbage-first heap   total 262144K, used 21103K [0x00000000e0000000, 0x0000000100000000)
  region size 1024K, 12 young (12288K), 12 survivors (12288K)
 Metaspace       used 21195K, committed 21504K, reserved 278528K
  class space    used 3175K, committed 3328K, reserved 212992K
}
Event: 5.802 GC heap before
{Heap before GC invocations=4 (full 0):
 garbage-first heap   total 262144K, used 126575K [0x00000000e0000000, 0x0000000100000000)
  region size 1024K, 113 young (115712K), 12 survivors (12288K)
 Metaspace       used 35561K, committed 35968K, reserved 278528K
  class space    used 4885K, committed 5120K, reserved 212992K
}
Event: 5.816 GC heap after
{Heap after GC invocations=5 (full 0):
 garbage-first heap   total 262144K, used 30580K [0x00000000e0000000, 0x0000000100000000)
  region size 1024K, 17 young (17408K), 17 survivors (17408K)
 Metaspace       used 35561K, committed 35968K, reserved 278528K
  class space    used 4885K, committed 5120K, reserved 212992K
}
Event: 5.835 GC heap before
{Heap before GC invocations=5 (full 0):
 garbage-first heap   total 262144K, used 31604K [0x00000000e0000000, 0x0000000100000000)
  region size 1024K, 18 young (18432K), 17 survivors (17408K)
 Metaspace       used 35689K, committed 36096K, reserved 278528K
  class space    used 4917K, committed 5120K, reserved 212992K
}
Event: 5.849 GC heap after
{Heap after GC invocations=6 (full 0):
 garbage-first heap   total 262144K, used 31976K [0x00000000e0000000, 0x0000000100000000)
  region size 1024K, 3 young (3072K), 3 survivors (3072K)
 Metaspace       used 35689K, committed 36096K, reserved 278528K
  class space    used 4917K, committed 5120K, reserved 212992K
}
Event: 5.890 GC heap before
{Heap before GC invocations=6 (full 0):
 garbage-first heap   total 262144K, used 34024K [0x00000000e0000000, 0x0000000100000000)
  region size 1024K, 6 young (6144K), 3 survivors (3072K)
 Metaspace       used 35890K, committed 36288K, reserved 278528K
  class space    used 4949K, committed 5184K, reserved 212992K
}
Event: 5.891 GC heap after
{Heap after GC invocations=7 (full 0):
 garbage-first heap   total 262144K, used 29999K [0x00000000e0000000, 0x0000000100000000)
  region size 1024K, 1 young (1024K), 1 survivors (1024K)
 Metaspace       used 35890K, committed 36288K, reserved 278528K
  class space    used 4949K, committed 5184K, reserved 212992K
}

