# JRE version: Java(TM) SE Runtime Environment (17.0.8+9) (build 17.0.8+9-LTS-211)
# Java VM: Java HotSpot(TM) 64-Bit Server VM (17.0.8+9-LTS-211, mixed mode, sharing, tiered, compressed oops, compressed class ptrs, g1 gc, windows-amd64)
GC Precious Log:
 CPUs: 12 total, 12 available
 Memory: 7955M
 Large Page Support: Disabled
 NUMA Support: Disabled
 Compressed Oops: Enabled (32-bit)
 Heap Region Size: 1M
 Heap Min Capacity: 256M
 Heap Initial Capacity: 256M
 Heap Max Capacity: 512M
 Pre-touch: Disabled
 Parallel Workers: 10
 Concurrent Workers: 3
 Concurrent Refinement Workers: 10
 Periodic GC: Disabled
Heap:
 garbage-first heap   total 262144K, used 179169K [0x00000000e0000000, 0x0000000100000000)
  region size 1024K, 148 young (151552K), 1 survivors (1024K)
 Metaspace       used 55217K, committed 55744K, reserved 278528K
  class space    used 7728K, committed 7936K, reserved 212992K
GC Heap History (12 events):
Event: 0.829 GC heap before
{Heap before GC invocations=0 (full 0):
 garbage-first heap   total 262144K, used 26624K [0x00000000e0000000, 0x0000000100000000)
  region size 1024K, 23 young (23552K), 0 survivors (0K)
 Metaspace       used 3007K, committed 3200K, reserved 278528K
  class space    used 379K, committed 448K, reserved 212992K
}
Event: 0.836 GC heap after
{Heap after GC invocations=1 (full 0):
 garbage-first heap   total 262144K, used 9212K [0x00000000e0000000, 0x0000000100000000)
  region size 1024K, 3 young (3072K), 3 survivors (3072K)
 Metaspace       used 3007K, committed 3200K, reserved 278528K
  class space    used 379K, committed 448K, reserved 212992K
}
Event: 1.382 GC heap before
{Heap before GC invocations=1 (full 0):
 garbage-first heap   total 262144K, used 38908K [0x00000000e0000000, 0x0000000100000000)
  region size 1024K, 31 young (31744K), 3 survivors (3072K)
 Metaspace       used 3930K, committed 4096K, reserved 278528K
  class space    used 476K, committed 576K, reserved 212992K
}
Event: 1.386 GC heap after
{Heap after GC invocations=2 (full 0):
 garbage-first heap   total 262144K, used 13507K [0x00000000e0000000, 0x0000000100000000)
  region size 1024K, 4 young (4096K), 4 survivors (4096K)
 Metaspace       used 3930K, committed 4096K, reserved 278528K
  class space    used 476K, committed 576K, reserved 212992K
}
Event: 4.366 GC heap before
{Heap before GC invocations=2 (full 0):
 garbage-first heap   total 262144K, used 112835K [0x00000000e0000000, 0x0000000100000000)
  region size 1024K, 102 young (104448K), 4 survivors (4096K)
 Metaspace       used 21242K, committed 21504K, reserved 278528K
  class space    used 3181K, committed 3328K, reserved 212992K
}
Event: 4.380 GC heap after
{Heap after GC invocations=3 (full 0):
 garbage-first heap   total 262144K, used 21311K [0x00000000e0000000, 0x0000000100000000)
  region size 1024K, 12 young (12288K), 12 survivors (12288K)
 Metaspace       used 21242K, committed 21504K, reserved 278528K
  class space    used 3181K, committed 3328K, reserved 212992K
}
Event: 6.527 GC heap before
{Heap before GC invocations=4 (full 0):
 garbage-first heap   total 262144K, used 125759K [0x00000000e0000000, 0x0000000100000000)
  region size 1024K, 112 young (114688K), 12 survivors (12288K)
 Metaspace       used 35595K, committed 35968K, reserved 278528K
  class space    used 4892K, committed 5120K, reserved 212992K
}
Event: 6.540 GC heap after
{Heap after GC invocations=5 (full 0):
 garbage-first heap   total 262144K, used 30334K [0x00000000e0000000, 0x0000000100000000)
  region size 1024K, 17 young (17408K), 17 survivors (17408K)
 Metaspace       used 35595K, committed 35968K, reserved 278528K
  class space    used 4892K, committed 5120K, reserved 212992K
}
Event: 6.554 GC heap before
{Heap before GC invocations=5 (full 0):
 garbage-first heap   total 262144K, used 31358K [0x00000000e0000000, 0x0000000100000000)
  region size 1024K, 18 young (18432K), 17 survivors (17408K)
 Metaspace       used 35711K, committed 36096K, reserved 278528K
  class space    used 4923K, committed 5120K, reserved 212992K
}
Event: 6.565 GC heap after
{Heap after GC invocations=6 (full 0):
 garbage-first heap   total 262144K, used 31574K [0x00000000e0000000, 0x0000000100000000)
  region size 1024K, 3 young (3072K), 3 survivors (3072K)
 Metaspace       used 35711K, committed 36096K, reserved 278528K
  class space    used 4923K, committed 5120K, reserved 212992K
}
Event: 6.595 GC heap before
{Heap before GC invocations=6 (full 0):
 garbage-first heap   total 262144K, used 32598K [0x00000000e0000000, 0x0000000100000000)
  region size 1024K, 5 young (5120K), 3 survivors (3072K)
 Metaspace       used 35899K, committed 36288K, reserved 278528K
  class space    used 4950K, committed 5184K, reserved 212992K
}
Event: 6.597 GC heap after
{Heap after GC invocations=7 (full 0):
 garbage-first heap   total 262144K, used 29665K [0x00000000e0000000, 0x0000000100000000)
  region size 1024K, 1 young (1024K), 1 survivors (1024K)
 Metaspace       used 35899K, committed 36288K, reserved 278528K
  class space    used 4950K, committed 5184K, reserved 212992K
}

